KDOX20081001_000111_V04
KDOX20081001_105035_V04
KDOX20081001_105453_V04
KDOX20081001_105908_V04
KDOX20081001_110326_V04
KDOX20081001_110742_V04
KDOX20081001_111200_V04
KDOX20091024_183935_V04
KDOX20100922_053352_V04
KDOX20100922_185239_V04
KDOX20100922_215900_V04
KDOX20100923_060456_V04
KDOX20100923_075907_V04
KDOX20100923_104046_V04
KDOX20100923_104630_V04
KDOX20100923_105214_V04
KDOX20100923_105759_V04
KDOX20100923_110342_V04
KDOX20100923_110926_V04
KDOX20100923_111511_V04
KDOX20100923_112055_V04
KDOX20100925_072013_V04
KDOX20100925_083655_V04
KDOX20100926_084650_V04
KDOX20100926_094959_V04
KDOX20100926_103553_V04
KDOX20100926_104137_V04
KDOX20100926_104721_V04
KDOX20100926_105306_V04
KDOX20100926_105852_V04
KDOX20100926_110436_V04
KDOX20100926_111020_V04
KDOX20100926_111604_V04
KDOX20100926_112149_V04
KDOX20100926_112733_V04
KDOX20100926_182058_V04
KDOX20100926_225633_V04
KDOX20100927_073906_V04
KDOX20100927_112508_V04
KDOX20100927_124909_V04
KDOX20100928_004615_V04
KDOX20100928_005150_V04
KDOX20100928_012524_V04
KDOX20100928_014211_V04
KDOX20100928_071747_V04
KDOX20100928_132125_V04
KDOX20100928_135458_V04
KDOX20100928_210525_V04
KDOX20100929_053102_V04
KDOX20100929_104120_V04
KDOX20100929_104706_V04
KDOX20100929_105250_V04
KDOX20100929_105835_V04
KDOX20100929_110420_V04
KDOX20100929_111004_V04
KDOX20100929_111549_V04
KDOX20100929_112134_V04
KDOX20100929_112719_V04
KDOX20100929_113306_V04
KDOX20100929_113850_V04
KDOX20100929_114435_V04
KDOX20101001_010339_V04
KDOX20101001_011723_V04
KDOX20101001_045241_V04
KDOX20101001_093209_V04
KDOX20101001_112643_V04
KDOX20101001_124918_V04
KDOX20101003_064624_V04
KDOX20101003_082424_V04
KDOX20101003_085313_V04
KDOX20101003_095636_V04
KDOX20101003_104825_V04
KDOX20101003_105411_V04
KDOX20101003_105956_V04
KDOX20101003_110542_V04
KDOX20101003_111128_V04
KDOX20101003_111713_V04
KDOX20101003_112258_V04
KDOX20101003_112844_V04
KDOX20101003_113429_V04
KDOX20101003_114015_V04
KDOX20101003_114600_V04
KDOX20101003_115148_V04
KDOX20101003_115733_V04
KDOX20101003_120319_V04
KDOX20101003_120904_V04
KDOX20101005_153617_V04
KDOX20101006_074350_V04
KDOX20101006_080110_V04
KDOX20101006_222221_V04
KDOX20101007_005746_V04
KDOX20101007_023537_V04
KDOX20101014_213050_V04
KDOX20101027_183809_V04
KDOX20101027_191200_V04
KDOX20101027_193723_V04
KDOX20101028_043414_V04
KDOX20101028_064101_V04
KDOX20101028_080532_V04
KJAX20111029_112722_V03
KJAX20111029_115451_V03
KJAX20111029_122219_V03
KLIX19951130_131409
KLIX19961128_125216
KLIX19961217_125435
KLIX19970104_140518
KLIX19970111_130102
KLIX19970305_122548
KLIX19980131_131200
KLIX19980221_121654
KLIX19991101_122624
KLIX19991102_131952
KLIX19991104_121958
KLIX19991224_130609
KLIX20040125_122818
KMLB19930208_130941
KMLB19930217_113758
KMLB19930217_114352
KMLB19930217_114947
KMLB19930217_115542
KMLB19930217_120137
KMLB19930217_120733
KMLB19930217_121328
KMLB19930217_121924
KMLB19930502_115303
KMLB19930504_102655
KMLB19931014_112311
KMLB19931027_115138
KMLB19931106_115228
KMLB19931111_122744
KMLB19931116_114346
KMLB19931219_130936
KMLB19931220_120326
KMLB19940115_120349
KMLB19940128_122814
KMLB19940220_120220
KMLB19940221_123225
KMLB19940223_113521
KMLB19940302_120655
KMLB19940302_121523
KMLB19940412_112305
KMLB19941031_113226
KMLB19941106_124652
KMLB19941122_113524
KMLB19941122_122230
KMLB19941231_115554
KMLB19950313_125539
KMLB19950321_123952
KMLB19950323_120649
KMLB19950327_124502
KMLB19950328_110411
KMLB19950409_113955
KMLB19951026_111544
KMLB19951208_114157
KMLB19951225_124741
KMLB19960109_133810
KMLB19960201_115104
KMLB19961105_114528
KMLB19961107_113858
KMLB19961231_115634
KMLB19970318_112801
KMLB19970318_115800
KMLB19970320_123406
KMLB19970406_104821
KMLB19970422_110544
KMLB19980120_132020
KMLB19980122_124504
KMLB19980127_123159
KMLB19980127_130246
KMLB19980330_114901
KMLB19980402_113114
KMLB19980429_105121
KMLB19980501_120220
KMLB19980511_114625
KMLB19981013_121153
KMLB19981203_123231
KMLB19981224_115239
KMLB19990121_122556
KMLB19990126_130256
KMLB19990330_114058
KMLB19991122_114136
KMLB19991210_124749
KMLB19991214_122441
KMLB19991217_120132
KMLB19991217_130801
KMLB20011024_122633
KMLB20011116_122704
KMLB20011129_121934
KMLB20011201_124259
KMLB20011203_124716
KMLB20011205_114706
KMLB20011220_122524
KMLB20020123_120727
KMLB20020123_132752
KMLB20020126_124127
KOKX20080801_103233_V03
KOKX20081001_111821_V03
KOKX20100923_101243_V03
KOKX20100923_102114_V03
KOKX20100923_102945_V03
KOKX20100923_103401_V03
KOKX20100923_103816_V03
KOKX20100923_104332_V03
KOKX20100923_104748_V03
KOKX20110816_094253_V03
KOKX20110816_094709_V03
KOKX20110816_095125_V03
KOKX20110816_095541_V03
KOKX20110816_095957_V03
KOKX20110816_100413_V03
KOKX20110816_100927_V03
KOKX20110816_101343_V03
KOKX20110816_101759_V03
KOKX20110816_102216_V03
KOKX20110816_103049_V03
KOKX20110816_103505_V03
KOKX20110816_105628_V03
KOKX20110816_111748_V03
KOKX20110816_112620_V03
KOKX20110816_113036_V03
KTBW19960210_132900
KTBW19960212_114526
KTBW19981111_115637
KTBW19990201_131545
KTBW20000107_124744
KTBW20011122_113717
KTBW20011207_115359
KTBW20011229_121342
KTBW20020119_125321
KTBW20020120_121155
KTBW20020126_132940
KTBW20020204_124245
KTBW20020405_112402
KTBW20030221_113214
KDOX20101004_103049_V04
KDOX20101004_103634_V04
KDOX20101004_104220_V04
KDOX20101004_104805_V04
KDOX20101004_105350_V04
KDOX20101004_105935_V04
KDOX20101004_110521_V04
KDOX20101004_111106_V04
KDOX20101004_111651_V04
KDOX20101004_112236_V04
KDOX20101004_112822_V04
KDOX20101004_113407_V04
KDOX20101004_113952_V04
KDOX20101004_114537_V04
KDOX20101004_115122_V04
KDOX20101004_115707_V04
KDOX20101004_120252_V04
KDOX20101004_120838_V04
KDOX20101004_121424_V04
KDOX20101004_122009_V04
KDOX20101004_122554_V04
KLIX19960104_140239
KLIX19961206_131902
KLIX19970126_130212
KLIX20081016_121957_V04
KMLB19930505_105909
KMLB19931013_105639
KMLB19940219_130619
KMLB19940423_103503
KMLB19941101_112854
KMLB19941128_123705
KMLB19950107_133123
KMLB19950318_110419
KMLB19951111_111925
KMLB19951205_115958
KMLB19951226_124352
KMLB19960117_121834
KMLB19961117_115949
KMLB19961119_113955
KMLB19970313_112452
KMLB19971030_124114
KMLB19980201_114810
KMLB19991031_121102
KMLB19991031_130209
KMLB19991102_123814
KMLB19991124_113519
KMLB19991124_120052
KMLB20020209_124214
KMLB20020416_114757
KTBW20051120_124333
KTBW20051120_130643
KTBW20111102_124310_V03
KTBW20111103_120524_V03
KTBW20111104_114836_V03
KTBW20120105_123628_V03
KTBW20120105_130830_V03
KTBW20120106_123747_V03
KTBW20120106_131206_V03
KTBW20120106_131743_V03
KTBW20120108_115620_V03
KTBW20120110_120220_V03
KTBW20120113_120850_V03
KTBW20120114_120425_V03
KTBW20120114_123052_V03
KTBW20120114_125227_V03
KTBW20120114_130607_V03
KTBW20120114_133519_V03
KTBW20120116_121539_V03
KAMX20120501_115544_V06
KLIX19951106_133056
KLIX19961223_132319
KLIX19991029_125740
KLIX19991230_124621
KLIX20030109_131721
KLIX20050406_111508
KLIX20050406_115136
KLIX20050406_122802
KLIX20090426_112201_V03
KLIX20101116_122950_V03
KMLB19930131_122805
KMLB19930408_120334
KMLB19931022_111000
KMLB19940307_124805
KMLB19940428_114400
KMLB19941030_114441
KMLB19950302_121737
KMLB19950329_113726
KMLB19970104_133940
KMLB19970411_110428
KMLB19990203_120012
KMLB19990209_124218
KMLB19991224_123047
KMLB20011030_112358
KMLB20020417_114846
KOKX20110826_094555_V03
KOKX20110826_095011_V03
KOKX20110826_095427_V03
KOKX20110826_095843_V03
KOKX20110826_100258_V03
KOKX20110826_100714_V03
KOKX20110826_101129_V03
KOKX20110826_101544_V03
KOKX20110826_101959_V03
KOKX20110826_102413_V03
KOKX20110826_102828_V03
KOKX20110826_103245_V03
KOKX20110826_103700_V03
KOKX20110826_104116_V03
KOKX20110826_104531_V03
KOKX20110826_104945_V03
KOKX20110826_105359_V03
KOKX20110826_105814_V03
KOKX20110826_110229_V03
KOKX20110826_110644_V03
KOKX20110826_111058_V03
KOKX20110826_111513_V03
KOKX20110826_111928_V03
KOKX20110826_112343_V03
KOKX20110826_112758_V03
KOKX20110826_113214_V03
KOKX20110826_113629_V03
KOKX20110826_114045_V03
KTBW20120112_115640_V03
KTBW20120112_124248_V03
KTBW20120112_125214_V03
KTBW20120112_130632_V03
KTBW20120112_132009_V03
KMLB20020406_123241
KMLB20020411_121525
KMLB20020414_113557
KMLB20020415_103209
KMLB20020418_111724
KMLB20020418_121347
KMLB20020420_103714
KMLB20031218_122551
KMLB20081222_123512_V03
KMLB20090321_113123_V03
KMLB20090403_111034_V03
KMLB20081031_121515_V03
KMLB20090414_103237_V03
KMLB20090414_103654_V03
KMLB20090414_104106_V03
KMLB20090414_104525_V03
KMLB20090414_104942_V03
KMLB20090414_105357_V03
KMLB20090414_105815_V03
KMLB20090414_110228_V03
KMLB20090414_110644_V03
KMLB20090414_111059_V03
KMLB20090414_111517_V03
KMLB20090414_111931_V03
KMLB20090414_112346_V03
KMLB20090414_112805_V03
KMLB20090414_113217_V03
KMLB20090414_113633_V03
KMLB20090414_114049_V03
KMLB20090414_114504_V03
KMLB20090414_114921_V03
KMLB20090414_115339_V03
KMLB20090414_115751_V03
KMLB20090414_120207_V03
KMLB20090414_120620_V03
KMLB20090414_121040_V03
KMLB20090414_121456_V03
KMLB20090414_121920_V03
KMLB20090414_122336_V03
KOKX20080816_102628_V03
KTBW19960125_121236
KTBW19991128_122302
KTBW20011115_112154
KTBW20011214_121531
KTBW20020131_132237
KTBW20020213_124919
KTBW20020420_120703
KTBW20020424_103744
KTBW20120107_121524_V03
KTBW20120107_122321_V03
KTBW20120107_124603_V03
KTBW20120107_125139_V03
KTBW20120107_130251_V03
KTBW20120107_134948_V03
KTBW20120109_122349_V03
KTBW20120109_123058_V03
KTBW20120109_125706_V03
